<?xml version="1.0" encoding="UTF-8"?>
<testng-results skipped="0" failed="0" total="1" passed="1">
  <reporter-output>
  </reporter-output>
  <suite name="Default suite" duration-ms="17839" started-at="2017-10-05T07:20:52Z" finished-at="2017-10-05T07:21:10Z">
    <groups>
    </groups>
    <test name="Default test" duration-ms="17839" started-at="2017-10-05T07:20:52Z" finished-at="2017-10-05T07:21:10Z">
      <class name="com.QAClickAcademy.TestScripts.HomePageScript">
        <test-method status="PASS" signature="launchBrowser()[pri:0, instance:com.QAClickAcademy.TestScripts.HomePageScript@4667ae56]" name="launchBrowser" is-config="true" duration-ms="15333" started-at="2017-10-05T12:50:52Z" finished-at="2017-10-05T12:51:07Z">
          <reporter-output>
          </reporter-output>
        </test-method> <!-- launchBrowser -->
        <test-method status="PASS" signature="verifyHomePageText()[pri:0, instance:com.QAClickAcademy.TestScripts.HomePageScript@4667ae56]" name="verifyHomePageText" duration-ms="262" started-at="2017-10-05T12:51:07Z" finished-at="2017-10-05T12:51:07Z">
          <reporter-output>
          </reporter-output>
        </test-method> <!-- verifyHomePageText -->
        <test-method status="PASS" signature="tearDown()[pri:0, instance:com.QAClickAcademy.TestScripts.HomePageScript@4667ae56]" name="tearDown" is-config="true" duration-ms="2210" started-at="2017-10-05T12:51:07Z" finished-at="2017-10-05T12:51:10Z">
          <reporter-output>
          </reporter-output>
        </test-method> <!-- tearDown -->
      </class> <!-- com.QAClickAcademy.TestScripts.HomePageScript -->
    </test> <!-- Default test -->
  </suite> <!-- Default suite -->
</testng-results>
